This file contains any messages produced by compilers while
running configure, to aid debugging if configure makes a mistake.

It was created by lsyncd configure 2.1.5, which was
generated by GNU Autoconf 2.69.  Invocation command line was

  $ ./configure 

## --------- ##
## Platform. ##
## --------- ##

hostname = balancer.baucenter
uname -m = x86_64
uname -r = 4.4.0-62-generic
uname -s = Linux
uname -v = #83-Ubuntu SMP Wed Jan 18 14:10:15 UTC 2017

/usr/bin/uname -p = unknown
/bin/uname -X     = unknown

/bin/arch              = unknown
/usr/bin/arch -k       = unknown
/usr/convex/getsysinfo = unknown
/usr/bin/hostinfo      = unknown
/bin/machine           = unknown
/usr/bin/oslevel       = unknown
/bin/universe          = unknown

PATH: /usr/local/sbin
PATH: /usr/local/bin
PATH: /usr/sbin
PATH: /usr/bin
PATH: /sbin
PATH: /bin
PATH: /usr/games
PATH: /usr/local/games


## ----------- ##
## Core tests. ##
## ----------- ##

configure:2162: checking for a BSD-compatible install
configure:2230: result: /usr/bin/install -c
configure:2241: checking whether build environment is sane
configure:2291: result: yes
configure:2432: checking for a thread-safe mkdir -p
configure:2471: result: /bin/mkdir -p
configure:2484: checking for gawk
configure:2514: result: no
configure:2484: checking for mawk
configure:2500: found /usr/bin/mawk
configure:2511: result: mawk
configure:2522: checking whether make sets $(MAKE)
configure:2544: result: yes
configure:2680: checking for gcc
configure:2696: found /usr/bin/gcc
configure:2707: result: gcc
configure:2936: checking for C compiler version
configure:2945: gcc --version >&5
gcc (Ubuntu 5.4.0-6ubuntu1~16.04.4) 5.4.0 20160609
Copyright (C) 2015 Free Software Foundation, Inc.
This is free software; see the source for copying conditions.  There is NO
warranty; not even for MERCHANTABILITY or FITNESS FOR A PARTICULAR PURPOSE.

configure:2956: $? = 0
configure:2945: gcc -v >&5
Using built-in specs.
COLLECT_GCC=gcc
COLLECT_LTO_WRAPPER=/usr/lib/gcc/x86_64-linux-gnu/5/lto-wrapper
Target: x86_64-linux-gnu
Configured with: ../src/configure -v --with-pkgversion='Ubuntu 5.4.0-6ubuntu1~16.04.4' --with-bugurl=file:///usr/share/doc/gcc-5/README.Bugs --enable-languages=c,ada,c++,java,go,d,fortran,objc,obj-c++ --prefix=/usr --program-suffix=-5 --enable-shared --enable-linker-build-id --libexecdir=/usr/lib --without-included-gettext --enable-threads=posix --libdir=/usr/lib --enable-nls --with-sysroot=/ --enable-clocale=gnu --enable-libstdcxx-debug --enable-libstdcxx-time=yes --with-default-libstdcxx-abi=new --enable-gnu-unique-object --disable-vtable-verify --enable-libmpx --enable-plugin --with-system-zlib --disable-browser-plugin --enable-java-awt=gtk --enable-gtk-cairo --with-java-home=/usr/lib/jvm/java-1.5.0-gcj-5-amd64/jre --enable-java-home --with-jvm-root-dir=/usr/lib/jvm/java-1.5.0-gcj-5-amd64 --with-jvm-jar-dir=/usr/lib/jvm-exports/java-1.5.0-gcj-5-amd64 --with-arch-directory=amd64 --with-ecj-jar=/usr/share/java/eclipse-ecj.jar --enable-objc-gc --enable-multiarch --disable-werror --with-arch-32=i686 --with-abi=m64 --with-multilib-list=m32,m64,mx32 --enable-multilib --with-tune=generic --enable-checking=release --build=x86_64-linux-gnu --host=x86_64-linux-gnu --target=x86_64-linux-gnu
Thread model: posix
gcc version 5.4.0 20160609 (Ubuntu 5.4.0-6ubuntu1~16.04.4) 
configure:2956: $? = 0
configure:2945: gcc -V >&5
gcc: error: unrecognized command line option '-V'
gcc: fatal error: no input files
compilation terminated.
configure:2956: $? = 1
configure:2945: gcc -qversion >&5
gcc: error: unrecognized command line option '-qversion'
gcc: fatal error: no input files
compilation terminated.
configure:2956: $? = 1
configure:2976: checking whether the C compiler works
configure:2998: gcc    conftest.c  >&5
configure:3002: $? = 0
configure:3050: result: yes
configure:3053: checking for C compiler default output file name
configure:3055: result: a.out
configure:3061: checking for suffix of executables
configure:3068: gcc -o conftest    conftest.c  >&5
configure:3072: $? = 0
configure:3094: result: 
configure:3116: checking whether we are cross compiling
configure:3124: gcc -o conftest    conftest.c  >&5
configure:3128: $? = 0
configure:3135: ./conftest
configure:3139: $? = 0
configure:3154: result: no
configure:3159: checking for suffix of object files
configure:3181: gcc -c   conftest.c >&5
configure:3185: $? = 0
configure:3206: result: o
configure:3210: checking whether we are using the GNU C compiler
configure:3229: gcc -c   conftest.c >&5
configure:3229: $? = 0
configure:3238: result: yes
configure:3247: checking whether gcc accepts -g
configure:3267: gcc -c -g  conftest.c >&5
configure:3267: $? = 0
configure:3308: result: yes
configure:3325: checking for gcc option to accept ISO C89
configure:3388: gcc  -c -g -O2  conftest.c >&5
configure:3388: $? = 0
configure:3401: result: none needed
configure:3432: checking for style of include used by make
configure:3460: result: GNU
configure:3486: checking dependency style of gcc
configure:3597: result: gcc3
configure:3613: checking whether make sets $(MAKE)
configure:3635: result: yes
configure:3708: checking for pkg-config
configure:3726: found /usr/bin/pkg-config
configure:3738: result: /usr/bin/pkg-config
configure:3763: checking pkg-config is at least version 0.9.0
configure:3766: result: yes
configure:3776: checking for LUA52
configure:3783: $PKG_CONFIG --exists --print-errors "lua5.2"
Package lua5.2 was not found in the pkg-config search path.
Perhaps you should add the directory containing `lua5.2.pc'
to the PKG_CONFIG_PATH environment variable
No package 'lua5.2' found
configure:3786: $? = 1
configure:3800: $PKG_CONFIG --exists --print-errors "lua5.2"
Package lua5.2 was not found in the pkg-config search path.
Perhaps you should add the directory containing `lua5.2.pc'
to the PKG_CONFIG_PATH environment variable
No package 'lua5.2' found
configure:3803: $? = 1
configure:3817: result: no
No package 'lua5.2' found
configure:3836: checking for LUA52
configure:3843: $PKG_CONFIG --exists --print-errors "lua52"
Package lua52 was not found in the pkg-config search path.
Perhaps you should add the directory containing `lua52.pc'
to the PKG_CONFIG_PATH environment variable
No package 'lua52' found
configure:3846: $? = 1
configure:3860: $PKG_CONFIG --exists --print-errors "lua52"
Package lua52 was not found in the pkg-config search path.
Perhaps you should add the directory containing `lua52.pc'
to the PKG_CONFIG_PATH environment variable
No package 'lua52' found
configure:3863: $? = 1
configure:3877: result: no
No package 'lua52' found
configure:3896: checking for LUA52
configure:3903: $PKG_CONFIG --exists --print-errors "lua-5.2"
Package lua-5.2 was not found in the pkg-config search path.
Perhaps you should add the directory containing `lua-5.2.pc'
to the PKG_CONFIG_PATH environment variable
No package 'lua-5.2' found
configure:3906: $? = 1
configure:3920: $PKG_CONFIG --exists --print-errors "lua-5.2"
Package lua-5.2 was not found in the pkg-config search path.
Perhaps you should add the directory containing `lua-5.2.pc'
to the PKG_CONFIG_PATH environment variable
No package 'lua-5.2' found
configure:3923: $? = 1
configure:3937: result: no
No package 'lua-5.2' found
configure:4281: checking for lua5.2
configure:4314: result: no
configure:4281: checking for lua52
configure:4314: result: no
configure:4327: checking for luac5.2
configure:4360: result: no
configure:4327: checking for luac52
configure:4360: result: no
configure:4380: checking for LUA51
configure:4387: $PKG_CONFIG --exists --print-errors "lua5.1  >= 5.1.3"
configure:4390: $? = 0
configure:4404: $PKG_CONFIG --exists --print-errors "lua5.1  >= 5.1.3"
configure:4407: $? = 0
configure:4877: result: yes
configure:4885: checking for lua5.1
configure:4903: found /usr/bin/lua5.1
configure:4915: result: /usr/bin/lua5.1
configure:4931: checking for luac5.1
configure:4949: found /usr/bin/luac5.1
configure:4961: result: /usr/bin/luac5.1
configure:5151: checking whether Lua library was compiled with compat support
configure:5168: gcc -o conftest -g -O2 -I/usr/include/lua5.1  -I/usr/include/lua5.1  conftest.c -lm  -llua5.1 >&5
configure:5168: $? = 0
configure:5176: result: yes
configure:5200: checking how to run the C preprocessor
configure:5231: gcc -E  conftest.c
configure:5231: $? = 0
configure:5245: gcc -E  conftest.c
conftest.c:11:28: fatal error: ac_nonexistent.h: No such file or directory
compilation terminated.
configure:5245: $? = 1
configure: failed program was:
| /* confdefs.h */
| #define PACKAGE_NAME "lsyncd"
| #define PACKAGE_TARNAME "lsyncd"
| #define PACKAGE_VERSION "2.1.5"
| #define PACKAGE_STRING "lsyncd 2.1.5"
| #define PACKAGE_BUGREPORT "axkibe@gmail.com"
| #define PACKAGE_URL ""
| #define PACKAGE "lsyncd"
| #define VERSION "2.1.5"
| /* end confdefs.h.  */
| #include <ac_nonexistent.h>
configure:5270: result: gcc -E
configure:5290: gcc -E  conftest.c
configure:5290: $? = 0
configure:5304: gcc -E  conftest.c
conftest.c:11:28: fatal error: ac_nonexistent.h: No such file or directory
compilation terminated.
configure:5304: $? = 1
configure: failed program was:
| /* confdefs.h */
| #define PACKAGE_NAME "lsyncd"
| #define PACKAGE_TARNAME "lsyncd"
| #define PACKAGE_VERSION "2.1.5"
| #define PACKAGE_STRING "lsyncd 2.1.5"
| #define PACKAGE_BUGREPORT "axkibe@gmail.com"
| #define PACKAGE_URL ""
| #define PACKAGE "lsyncd"
| #define VERSION "2.1.5"
| /* end confdefs.h.  */
| #include <ac_nonexistent.h>
configure:5333: checking for grep that handles long lines and -e
configure:5391: result: /bin/grep
configure:5396: checking for egrep
configure:5458: result: /bin/grep -E
configure:5463: checking for ANSI C header files
configure:5483: gcc -c -g -O2  conftest.c >&5
configure:5483: $? = 0
configure:5556: gcc -o conftest -g -O2   conftest.c  >&5
configure:5556: $? = 0
configure:5556: ./conftest
configure:5556: $? = 0
configure:5567: result: yes
configure:5580: checking for sys/types.h
configure:5580: gcc -c -g -O2  conftest.c >&5
configure:5580: $? = 0
configure:5580: result: yes
configure:5580: checking for sys/stat.h
configure:5580: gcc -c -g -O2  conftest.c >&5
configure:5580: $? = 0
configure:5580: result: yes
configure:5580: checking for stdlib.h
configure:5580: gcc -c -g -O2  conftest.c >&5
configure:5580: $? = 0
configure:5580: result: yes
configure:5580: checking for string.h
configure:5580: gcc -c -g -O2  conftest.c >&5
configure:5580: $? = 0
configure:5580: result: yes
configure:5580: checking for memory.h
configure:5580: gcc -c -g -O2  conftest.c >&5
configure:5580: $? = 0
configure:5580: result: yes
configure:5580: checking for strings.h
configure:5580: gcc -c -g -O2  conftest.c >&5
configure:5580: $? = 0
configure:5580: result: yes
configure:5580: checking for inttypes.h
configure:5580: gcc -c -g -O2  conftest.c >&5
configure:5580: $? = 0
configure:5580: result: yes
configure:5580: checking for stdint.h
configure:5580: gcc -c -g -O2  conftest.c >&5
configure:5580: $? = 0
configure:5580: result: yes
configure:5580: checking for unistd.h
configure:5580: gcc -c -g -O2  conftest.c >&5
configure:5580: $? = 0
configure:5580: result: yes
configure:5594: checking sys/inotify.h usability
configure:5594: gcc -c -g -O2  conftest.c >&5
configure:5594: $? = 0
configure:5594: result: yes
configure:5594: checking sys/inotify.h presence
configure:5594: gcc -E  conftest.c
configure:5594: $? = 0
configure:5594: result: yes
configure:5594: checking for sys/inotify.h
configure:5594: result: yes
configure:5798: creating ./config.status

## ---------------------- ##
## Running config.status. ##
## ---------------------- ##

This file was extended by lsyncd config.status 2.1.5, which was
generated by GNU Autoconf 2.69.  Invocation command line was

  CONFIG_FILES    = 
  CONFIG_HEADERS  = 
  CONFIG_LINKS    = 
  CONFIG_COMMANDS = 
  $ ./config.status 

on balancer.baucenter

config.status:869: creating Makefile
config.status:869: creating config.h
config.status:1098: executing depfiles commands
configure:7120:
Summary:
	Using Lua 5.1


## ---------------- ##
## Cache variables. ##
## ---------------- ##

ac_cv_c_compiler_gnu=yes
ac_cv_env_CC_set=
ac_cv_env_CC_value=
ac_cv_env_CFLAGS_set=
ac_cv_env_CFLAGS_value=
ac_cv_env_CPPFLAGS_set=
ac_cv_env_CPPFLAGS_value=
ac_cv_env_CPP_set=
ac_cv_env_CPP_value=
ac_cv_env_LDFLAGS_set=
ac_cv_env_LDFLAGS_value=
ac_cv_env_LIBS_set=
ac_cv_env_LIBS_value=
ac_cv_env_LUA51_CFLAGS_set=
ac_cv_env_LUA51_CFLAGS_value=
ac_cv_env_LUA51_LIBS_set=
ac_cv_env_LUA51_LIBS_value=
ac_cv_env_LUA52_CFLAGS_set=
ac_cv_env_LUA52_CFLAGS_value=
ac_cv_env_LUA52_LIBS_set=
ac_cv_env_LUA52_LIBS_value=
ac_cv_env_LUA_CFLAGS_set=
ac_cv_env_LUA_CFLAGS_value=
ac_cv_env_LUA_LIBS_set=
ac_cv_env_LUA_LIBS_value=
ac_cv_env_PKG_CONFIG_LIBDIR_set=
ac_cv_env_PKG_CONFIG_LIBDIR_value=
ac_cv_env_PKG_CONFIG_PATH_set=
ac_cv_env_PKG_CONFIG_PATH_value=
ac_cv_env_PKG_CONFIG_set=
ac_cv_env_PKG_CONFIG_value=
ac_cv_env_build_alias_set=
ac_cv_env_build_alias_value=
ac_cv_env_host_alias_set=
ac_cv_env_host_alias_value=
ac_cv_env_target_alias_set=
ac_cv_env_target_alias_value=
ac_cv_header_inttypes_h=yes
ac_cv_header_memory_h=yes
ac_cv_header_stdc=yes
ac_cv_header_stdint_h=yes
ac_cv_header_stdlib_h=yes
ac_cv_header_string_h=yes
ac_cv_header_strings_h=yes
ac_cv_header_sys_inotify_h=yes
ac_cv_header_sys_stat_h=yes
ac_cv_header_sys_types_h=yes
ac_cv_header_unistd_h=yes
ac_cv_objext=o
ac_cv_path_EGREP='/bin/grep -E'
ac_cv_path_GREP=/bin/grep
ac_cv_path_LUA51=/usr/bin/lua5.1
ac_cv_path_LUAC51=/usr/bin/luac5.1
ac_cv_path_ac_pt_PKG_CONFIG=/usr/bin/pkg-config
ac_cv_path_install='/usr/bin/install -c'
ac_cv_path_mkdir=/bin/mkdir
ac_cv_prog_AWK=mawk
ac_cv_prog_CPP='gcc -E'
ac_cv_prog_ac_ct_CC=gcc
ac_cv_prog_cc_c89=
ac_cv_prog_cc_g=yes
ac_cv_prog_make_make_set=yes
am_cv_CC_dependencies_compiler_type=gcc3
pkg_cv_LUA51_CFLAGS=-I/usr/include/lua5.1
pkg_cv_LUA51_LIBS=-llua5.1

## ----------------- ##
## Output variables. ##
## ----------------- ##

ACLOCAL='${SHELL} /usr/src/lsyncd-2.1.5/missing --run aclocal-1.11'
AMDEPBACKSLASH='\'
AMDEP_FALSE='#'
AMDEP_TRUE=''
AMTAR='$${TAR-tar}'
AUTOCONF='${SHELL} /usr/src/lsyncd-2.1.5/missing --run autoconf'
AUTOHEADER='${SHELL} /usr/src/lsyncd-2.1.5/missing --run autoheader'
AUTOMAKE='${SHELL} /usr/src/lsyncd-2.1.5/missing --run automake-1.11'
AWK='mawk'
CC='gcc'
CCDEPMODE='depmode=gcc3'
CFLAGS='-g -O2'
CPP='gcc -E'
CPPFLAGS=''
CYGPATH_W='echo'
DEFS='-DHAVE_CONFIG_H'
DEPDIR='.deps'
ECHO_C=''
ECHO_N='-n'
ECHO_T=''
EGREP='/bin/grep -E'
EXEEXT=''
FSEVENTS_FALSE=''
FSEVENTS_TRUE='#'
GREP='/bin/grep'
INOTIFY_FALSE='#'
INOTIFY_TRUE=''
INSTALL_DATA='${INSTALL} -m 644'
INSTALL_PROGRAM='${INSTALL}'
INSTALL_SCRIPT='${INSTALL}'
INSTALL_STRIP_PROGRAM='$(install_sh) -c -s'
LDFLAGS=''
LIBOBJS=''
LIBS=''
LTLIBOBJS=''
LUA51='/usr/bin/lua5.1'
LUA51_CFLAGS='-I/usr/include/lua5.1'
LUA51_LIBS='-llua5.1'
LUA52='no'
LUA52_CFLAGS=''
LUA52_LIBS=''
LUA='/usr/bin/lua5.1'
LUAC51='/usr/bin/luac5.1'
LUAC52='no'
LUAC='/usr/bin/luac5.1'
LUA_CFLAGS='-I/usr/include/lua5.1'
LUA_LIBS='-llua5.1'
MAKEINFO='${SHELL} /usr/src/lsyncd-2.1.5/missing --run makeinfo'
MKDIR_P='/bin/mkdir -p'
OBJEXT='o'
PACKAGE='lsyncd'
PACKAGE_BUGREPORT='axkibe@gmail.com'
PACKAGE_NAME='lsyncd'
PACKAGE_STRING='lsyncd 2.1.5'
PACKAGE_TARNAME='lsyncd'
PACKAGE_URL=''
PACKAGE_VERSION='2.1.5'
PATH_SEPARATOR=':'
PKG_CONFIG='/usr/bin/pkg-config'
PKG_CONFIG_LIBDIR=''
PKG_CONFIG_PATH=''
SET_MAKE=''
SHELL='/bin/bash'
STRIP=''
VERSION='2.1.5'
ac_ct_CC='gcc'
am__EXEEXT_FALSE=''
am__EXEEXT_TRUE='#'
am__fastdepCC_FALSE='#'
am__fastdepCC_TRUE=''
am__include='include'
am__isrc=''
am__leading_dot='.'
am__nodep='_no'
am__quote=''
am__tar='$${TAR-tar} chof - "$$tardir"'
am__untar='$${TAR-tar} xf -'
bindir='${exec_prefix}/bin'
build_alias=''
datadir='${datarootdir}'
datarootdir='${prefix}/share'
docdir='${datarootdir}/doc/${PACKAGE_TARNAME}'
dvidir='${docdir}'
exec_prefix='${prefix}'
host_alias=''
htmldir='${docdir}'
includedir='${prefix}/include'
infodir='${datarootdir}/info'
install_sh='${SHELL} /usr/src/lsyncd-2.1.5/install-sh'
libdir='${exec_prefix}/lib'
libexecdir='${exec_prefix}/libexec'
localedir='${datarootdir}/locale'
localstatedir='${prefix}/var'
mandir='${datarootdir}/man'
mkdir_p='/bin/mkdir -p'
oldincludedir='/usr/include'
pdfdir='${docdir}'
prefix='/usr/local'
program_transform_name='s,x,x,'
psdir='${docdir}'
sbindir='${exec_prefix}/sbin'
sharedstatedir='${prefix}/com'
sysconfdir='${prefix}/etc'
target_alias=''

## ----------- ##
## confdefs.h. ##
## ----------- ##

/* confdefs.h */
#define PACKAGE_NAME "lsyncd"
#define PACKAGE_TARNAME "lsyncd"
#define PACKAGE_VERSION "2.1.5"
#define PACKAGE_STRING "lsyncd 2.1.5"
#define PACKAGE_BUGREPORT "axkibe@gmail.com"
#define PACKAGE_URL ""
#define PACKAGE "lsyncd"
#define VERSION "2.1.5"
#define STDC_HEADERS 1
#define HAVE_SYS_TYPES_H 1
#define HAVE_SYS_STAT_H 1
#define HAVE_STDLIB_H 1
#define HAVE_STRING_H 1
#define HAVE_MEMORY_H 1
#define HAVE_STRINGS_H 1
#define HAVE_INTTYPES_H 1
#define HAVE_STDINT_H 1
#define HAVE_UNISTD_H 1
#define HAVE_SYS_INOTIFY_H 1
#define LSYNCD_WITH_INOTIFY /**/

configure: exit 0

## ---------------------- ##
## Running config.status. ##
## ---------------------- ##

This file was extended by lsyncd config.status 2.1.5, which was
generated by GNU Autoconf 2.69.  Invocation command line was

  CONFIG_FILES    = 
  CONFIG_HEADERS  = 
  CONFIG_LINKS    = 
  CONFIG_COMMANDS = 
  $ ./config.status Makefile depfiles

on balancer.baucenter

config.status:869: creating Makefile
config.status:1098: executing depfiles commands
